0 info it worked if it ends with ok
1 verbose cli [ '/home/blake/.nvm/versions/io.js/v1.6.3/bin/iojs',
1 verbose cli   '/home/blake/.nvm/versions/io.js/v1.6.3/bin/npm',
1 verbose cli   'version',
1 verbose cli   'patch' ]
2 info using npm@2.7.4
3 info using node@v1.6.3
4 info git [ 'status', '--porcelain' ]
5 verbose stack Error: Git working directory not clean.
5 verbose stack M .dist/ssp.js
5 verbose stack M .dist/ssp.js.map
5 verbose stack     at /home/blake/.nvm/versions/io.js/v1.6.3/lib/node_modules/npm/lib/version.js:138:37
5 verbose stack     at /home/blake/.nvm/versions/io.js/v1.6.3/lib/node_modules/npm/lib/utils/git.js:26:8
5 verbose stack     at ChildProcess.exithandler (child_process.js:707:7)
5 verbose stack     at emitTwo (events.js:87:13)
5 verbose stack     at ChildProcess.emit (events.js:169:7)
5 verbose stack     at maybeClose (child_process.js:984:16)
5 verbose stack     at Socket.<anonymous> (child_process.js:1153:11)
5 verbose stack     at emitOne (events.js:77:13)
5 verbose stack     at Socket.emit (events.js:166:7)
5 verbose stack     at Pipe._onclose (net.js:464:12)
6 verbose cwd /home/blake/development/ssp
7 error Linux 3.19.3-200.fc21.x86_64
8 error argv "/home/blake/.nvm/versions/io.js/v1.6.3/bin/iojs" "/home/blake/.nvm/versions/io.js/v1.6.3/bin/npm" "version" "patch"
9 error node v1.6.3
10 error npm  v2.7.4
11 error Git working directory not clean.
11 error M .dist/ssp.js
11 error M .dist/ssp.js.map
12 error If you need help, you may report this error at:
12 error     <https://github.com/npm/npm/issues>
13 verbose exit [ 1, true ]
